TN:
SF:src/getTree.js
FN:3,getTree
FNF:1
FNH:1
FNDA:1,getTree
DA:1,1
DA:2,1
DA:3,1
DA:4,1
DA:5,1
DA:6,1
DA:7,5
DA:8,1
DA:9,1
DA:10,5
DA:11,2
DA:12,2
DA:13,5
DA:14,1
DA:15,1
DA:16,1
DA:17,1
DA:18,1
DA:19,1
DA:20,1
DA:21,1
DA:22,1
LF:22
LH:22
BRDA:3,0,0,1
BRDA:6,1,0,5
BRDA:7,2,0,1
BRDA:9,3,0,4
BRDA:10,4,0,2
BRDA:13,5,0,1
BRF:6
BRH:6
end_of_record
TN:
SF:src/index.js
FN:5,getCurrentWorkDir
FN:6,getAbsolutePathFile
FN:7,getObj
FN:10,genDiff
FNF:4
FNH:4
FNDA:2,getCurrentWorkDir
FNDA:2,getAbsolutePathFile
FNDA:2,getObj
FNDA:1,genDiff
DA:1,1
DA:2,1
DA:3,1
DA:4,1
DA:5,1
DA:6,1
DA:7,1
DA:8,1
DA:9,1
DA:10,1
DA:11,1
DA:12,1
DA:13,1
DA:14,1
DA:15,1
DA:16,1
DA:17,1
DA:18,1
LF:18
LH:18
BRDA:5,0,0,2
BRDA:6,1,0,2
BRDA:7,2,0,2
BRDA:10,3,0,1
BRF:4
BRH:4
end_of_record
TN:
SF:src/render.js
FN:3,render
FNF:1
FNH:1
FNDA:1,render
DA:1,1
DA:2,1
DA:3,1
DA:4,1
DA:5,1
DA:6,1
DA:7,5
DA:8,1
DA:9,1
DA:10,5
DA:11,1
DA:12,1
DA:13,5
DA:14,2
DA:15,2
DA:16,1
DA:17,1
DA:18,1
DA:19,0
DA:20,1
DA:21,1
DA:22,1
DA:23,1
DA:24,1
DA:25,1
LF:25
LH:24
BRDA:3,0,0,1
BRDA:6,1,0,5
BRDA:7,2,0,1
BRDA:9,3,0,4
BRDA:10,4,0,1
BRDA:12,5,0,3
BRDA:13,6,0,2
BRDA:15,7,0,1
BRDA:18,8,0,0
BRF:9
BRH:8
end_of_record
